[ 2015-04-04T16:09:15+08:00 ] 127.0.0.1 /admin/build/
INFO: [ app_init ] --START--
INFO: Run Behavior\BuildLiteBehavior [ RunTime:0.000031s ]
INFO: [ app_init ] --END-- [ RunTime:0.063282s ]
INFO: [ app_begin ] --START--
INFO: Run Behavior\ReadHtmlCacheBehavior [ RunTime:0.010117s ]
INFO: [ app_begin ] --END-- [ RunTime:0.010198s ]

[ 2015-04-04T16:09:16+08:00 ] 127.0.0.1 /admin/build/index.php/Home/Index/login.html
INFO: [ app_init ] --START--
INFO: Run Behavior\BuildLiteBehavior [ RunTime:0.000018s ]
INFO: [ app_init ] --END-- [ RunTime:0.000545s ]
INFO: [ app_begin ] --START--
INFO: Run Behavior\ReadHtmlCacheBehavior [ RunTime:0.000616s ]
INFO: [ app_begin ] --END-- [ RunTime:0.000661s ]
INFO: [ view_parse ] --START--
INFO: [ template_filter ] --START--
INFO: Run Behavior\ContentReplaceBehavior [ RunTime:0.000229s ]
INFO: [ template_filter ] --END-- [ RunTime:0.000381s ]
INFO: Run Behavior\ParseTemplateBehavior [ RunTime:0.421982s ]
INFO: [ view_parse ] --END-- [ RunTime:0.422112s ]
INFO: [ view_filter ] --START--
INFO: Run Behavior\WriteHtmlCacheBehavior [ RunTime:0.011772s ]
INFO: [ view_filter ] --END-- [ RunTime:0.011925s ]
INFO: [ app_end ] --START--
INFO: Run Behavior\ShowPageTraceBehavior [ RunTime:0.023991s ]
INFO: [ app_end ] --END-- [ RunTime:0.024139s ]

[ 2015-04-04T16:09:17+08:00 ] 127.0.0.1 /admin/build/index.php/Home/Index/verify.html
INFO: [ app_init ] --START--
INFO: Run Behavior\BuildLiteBehavior [ RunTime:0.000021s ]
INFO: [ app_init ] --END-- [ RunTime:0.000759s ]
INFO: [ app_begin ] --START--
INFO: Run Behavior\ReadHtmlCacheBehavior [ RunTime:0.000841s ]
INFO: [ app_begin ] --END-- [ RunTime:0.000896s ]
INFO: [ app_end ] --START--
INFO: Run Behavior\ShowPageTraceBehavior [ RunTime:0.002209s ]
INFO: [ app_end ] --END-- [ RunTime:0.002389s ]

[ 2015-04-04T16:17:34+08:00 ] 127.0.0.1 /admin/build/index.php/Home/Index/login.html
INFO: [ app_init ] --START--
INFO: Run Behavior\BuildLiteBehavior [ RunTime:0.000019s ]
INFO: [ app_init ] --END-- [ RunTime:0.000554s ]
INFO: [ app_begin ] --START--
INFO: Run Behavior\ReadHtmlCacheBehavior [ RunTime:0.001133s ]
INFO: [ app_begin ] --END-- [ RunTime:0.001218s ]
INFO: [ view_parse ] --START--
INFO: [ template_filter ] --START--
INFO: Run Behavior\ContentReplaceBehavior [ RunTime:0.000098s ]
INFO: [ template_filter ] --END-- [ RunTime:0.000184s ]
INFO: Run Behavior\ParseTemplateBehavior [ RunTime:0.060320s ]
INFO: [ view_parse ] --END-- [ RunTime:0.060381s ]
INFO: [ view_filter ] --START--
INFO: Run Behavior\WriteHtmlCacheBehavior [ RunTime:0.000479s ]
INFO: [ view_filter ] --END-- [ RunTime:0.000532s ]
INFO: [ app_end ] --START--
INFO: Run Behavior\ShowPageTraceBehavior [ RunTime:0.000985s ]
INFO: [ app_end ] --END-- [ RunTime:0.001056s ]

[ 2015-04-04T16:17:35+08:00 ] 127.0.0.1 /admin/build/index.php/Home/Index/verify.html
INFO: [ app_init ] --START--
INFO: Run Behavior\BuildLiteBehavior [ RunTime:0.000016s ]
INFO: [ app_init ] --END-- [ RunTime:0.000859s ]
INFO: [ app_begin ] --START--
INFO: Run Behavior\ReadHtmlCacheBehavior [ RunTime:0.001115s ]
INFO: [ app_begin ] --END-- [ RunTime:0.001214s ]
INFO: [ app_end ] --START--
INFO: Run Behavior\ShowPageTraceBehavior [ RunTime:0.001076s ]
INFO: [ app_end ] --END-- [ RunTime:0.001160s ]

[ 2015-04-04T16:18:15+08:00 ] 127.0.0.1 /admin/build/index.php/Home/Index/login.html
INFO: [ app_init ] --START--
INFO: Run Behavior\BuildLiteBehavior [ RunTime:0.000015s ]
INFO: [ app_init ] --END-- [ RunTime:0.000517s ]
INFO: [ app_begin ] --START--
INFO: Run Behavior\ReadHtmlCacheBehavior [ RunTime:0.000583s ]
INFO: [ app_begin ] --END-- [ RunTime:0.000627s ]
INFO: [ view_parse ] --START--
INFO: [ template_filter ] --START--
INFO: Run Behavior\ContentReplaceBehavior [ RunTime:0.000067s ]
INFO: [ template_filter ] --END-- [ RunTime:0.000141s ]
INFO: Run Behavior\ParseTemplateBehavior [ RunTime:0.038231s ]
INFO: [ view_parse ] --END-- [ RunTime:0.038299s ]
INFO: [ view_filter ] --START--
INFO: Run Behavior\WriteHtmlCacheBehavior [ RunTime:0.000619s ]
INFO: [ view_filter ] --END-- [ RunTime:0.000674s ]
INFO: [ app_end ] --START--
INFO: Run Behavior\ShowPageTraceBehavior [ RunTime:0.000854s ]
INFO: [ app_end ] --END-- [ RunTime:0.000904s ]

[ 2015-04-04T16:18:15+08:00 ] 127.0.0.1 /admin/build/index.php/Home/Index/verify.html
INFO: [ app_init ] --START--
INFO: Run Behavior\BuildLiteBehavior [ RunTime:0.000024s ]
INFO: [ app_init ] --END-- [ RunTime:0.000659s ]
INFO: [ app_begin ] --START--
INFO: Run Behavior\ReadHtmlCacheBehavior [ RunTime:0.001690s ]
INFO: [ app_begin ] --END-- [ RunTime:0.001867s ]
INFO: [ app_end ] --START--
INFO: Run Behavior\ShowPageTraceBehavior [ RunTime:0.000757s ]
INFO: [ app_end ] --END-- [ RunTime:0.000832s ]

[ 2015-04-04T16:18:31+08:00 ] 127.0.0.1 /admin/build/index.php/Home/Index/index.html
INFO: [ app_init ] --START--
INFO: Run Behavior\BuildLiteBehavior [ RunTime:0.000014s ]
INFO: [ app_init ] --END-- [ RunTime:0.000482s ]
INFO: [ app_begin ] --START--
INFO: Run Behavior\ReadHtmlCacheBehavior [ RunTime:0.000567s ]
INFO: [ app_begin ] --END-- [ RunTime:0.000612s ]
INFO: [ view_parse ] --START--
INFO: [ template_filter ] --START--
INFO: Run Behavior\ContentReplaceBehavior [ RunTime:0.000550s ]
INFO: [ template_filter ] --END-- [ RunTime:0.000738s ]
INFO: Run Behavior\ParseTemplateBehavior [ RunTime:0.315481s ]
INFO: [ view_parse ] --END-- [ RunTime:0.315535s ]
INFO: [ view_filter ] --START--
INFO: Run Behavior\WriteHtmlCacheBehavior [ RunTime:0.000366s ]
INFO: [ view_filter ] --END-- [ RunTime:0.000403s ]
INFO: [ app_end ] --START--
INFO: Run Behavior\ShowPageTraceBehavior [ RunTime:0.003941s ]
INFO: [ app_end ] --END-- [ RunTime:0.004065s ]

[ 2015-04-04T16:36:22+08:00 ] 127.0.0.1 /admin/build/index.php/Home/Index/index.html
INFO: [ app_init ] --START--
INFO: Run Behavior\BuildLiteBehavior [ RunTime:0.000018s ]
INFO: [ app_init ] --END-- [ RunTime:0.000560s ]
INFO: [ app_begin ] --START--
INFO: Run Behavior\ReadHtmlCacheBehavior [ RunTime:0.000939s ]
INFO: [ app_begin ] --END-- [ RunTime:0.001030s ]
INFO: [ view_parse ] --START--
INFO: [ template_filter ] --START--
INFO: Run Behavior\ContentReplaceBehavior [ RunTime:0.000468s ]
INFO: [ template_filter ] --END-- [ RunTime:0.000519s ]
INFO: Run Behavior\ParseTemplateBehavior [ RunTime:0.139640s ]
INFO: [ view_parse ] --END-- [ RunTime:0.139697s ]
INFO: [ view_filter ] --START--
INFO: Run Behavior\WriteHtmlCacheBehavior [ RunTime:0.000503s ]
INFO: [ view_filter ] --END-- [ RunTime:0.000552s ]
INFO: [ app_end ] --START--
INFO: Run Behavior\ShowPageTraceBehavior [ RunTime:0.002738s ]
INFO: [ app_end ] --END-- [ RunTime:0.002842s ]

[ 2015-04-04T16:36:38+08:00 ] 127.0.0.1 /admin/build/index.php/Home/Index/jquery-ui.html
INFO: [ app_init ] --START--
INFO: Run Behavior\BuildLiteBehavior [ RunTime:0.000024s ]
INFO: [ app_init ] --END-- [ RunTime:0.000844s ]
INFO: [ app_begin ] --START--
INFO: Run Behavior\ReadHtmlCacheBehavior [ RunTime:0.001133s ]
INFO: [ app_begin ] --END-- [ RunTime:0.001213s ]
INFO: [ view_parse ] --START--
INFO: [ template_filter ] --START--
INFO: Run Behavior\ContentReplaceBehavior [ RunTime:0.000339s ]
INFO: [ template_filter ] --END-- [ RunTime:0.000434s ]
NOTIC: [8] Undefined variable: _info E:\www\admin\build\Application\Runtime\Cache\Home\6eea759fd400b10eb6e04d38b77c6a3f.php 第 6 行.
INFO: Run Behavior\ParseTemplateBehavior [ RunTime:0.086910s ]
INFO: [ view_parse ] --END-- [ RunTime:0.087002s ]
INFO: [ view_filter ] --START--
INFO: Run Behavior\WriteHtmlCacheBehavior [ RunTime:0.000815s ]
INFO: [ view_filter ] --END-- [ RunTime:0.000890s ]
INFO: [ app_end ] --START--
INFO: Run Behavior\ShowPageTraceBehavior [ RunTime:0.005518s ]
INFO: [ app_end ] --END-- [ RunTime:0.005868s ]

[ 2015-04-04T16:36:52+08:00 ] 127.0.0.1 /admin/build/index.php/Home/Index/index.html
INFO: [ app_init ] --START--
INFO: Run Behavior\BuildLiteBehavior [ RunTime:0.000022s ]
INFO: [ app_init ] --END-- [ RunTime:0.000552s ]
INFO: [ app_begin ] --START--
INFO: Run Behavior\ReadHtmlCacheBehavior [ RunTime:0.000616s ]
INFO: [ app_begin ] --END-- [ RunTime:0.000662s ]
INFO: [ view_parse ] --START--
INFO: [ template_filter ] --START--
INFO: Run Behavior\ContentReplaceBehavior [ RunTime:0.000324s ]
INFO: [ template_filter ] --END-- [ RunTime:0.000378s ]
INFO: Run Behavior\ParseTemplateBehavior [ RunTime:0.035846s ]
INFO: [ view_parse ] --END-- [ RunTime:0.035899s ]
INFO: [ view_filter ] --START--
INFO: Run Behavior\WriteHtmlCacheBehavior [ RunTime:0.000445s ]
INFO: [ view_filter ] --END-- [ RunTime:0.000481s ]
INFO: [ app_end ] --START--
INFO: Run Behavior\ShowPageTraceBehavior [ RunTime:0.003379s ]
INFO: [ app_end ] --END-- [ RunTime:0.003549s ]

[ 2015-04-04T16:42:44+08:00 ] 127.0.0.1 /admin/build/index.php/Home/Index/form-elements.html
INFO: [ app_init ] --START--
INFO: Run Behavior\BuildLiteBehavior [ RunTime:0.000025s ]
INFO: [ app_init ] --END-- [ RunTime:0.000555s ]
INFO: [ app_begin ] --START--
INFO: Run Behavior\ReadHtmlCacheBehavior [ RunTime:0.000715s ]
INFO: [ app_begin ] --END-- [ RunTime:0.000762s ]
INFO: [ view_parse ] --START--
INFO: [ template_filter ] --START--
INFO: Run Behavior\ContentReplaceBehavior [ RunTime:0.000365s ]
INFO: [ template_filter ] --END-- [ RunTime:0.000415s ]
NOTIC: [8] Undefined variable: _info E:\www\admin\build\Application\Runtime\Cache\Home\d9c9dd3577cb815c155299fdadc8dda4.php 第 6 行.
INFO: Run Behavior\ParseTemplateBehavior [ RunTime:0.091892s ]
INFO: [ view_parse ] --END-- [ RunTime:0.091952s ]
INFO: [ view_filter ] --START--
INFO: Run Behavior\WriteHtmlCacheBehavior [ RunTime:0.000439s ]
INFO: [ view_filter ] --END-- [ RunTime:0.000476s ]
INFO: [ app_end ] --START--
INFO: Run Behavior\ShowPageTraceBehavior [ RunTime:0.001377s ]
INFO: [ app_end ] --END-- [ RunTime:0.001475s ]

[ 2015-04-04T16:43:13+08:00 ] 127.0.0.1 /admin/build/index.php/Home/Index/form-elements-2.html
INFO: [ app_init ] --START--
INFO: Run Behavior\BuildLiteBehavior [ RunTime:0.000015s ]
INFO: [ app_init ] --END-- [ RunTime:0.000522s ]
INFO: [ app_begin ] --START--
INFO: Run Behavior\ReadHtmlCacheBehavior [ RunTime:0.000675s ]
INFO: [ app_begin ] --END-- [ RunTime:0.000718s ]
INFO: [ view_parse ] --START--
INFO: [ template_filter ] --START--
INFO: Run Behavior\ContentReplaceBehavior [ RunTime:0.000153s ]
INFO: [ template_filter ] --END-- [ RunTime:0.000203s ]
NOTIC: [8] Undefined variable: _info E:\www\admin\build\Application\Runtime\Cache\Home\cea0eb870dd2aa58e746121d56269a4b.php 第 6 行.
INFO: Run Behavior\ParseTemplateBehavior [ RunTime:0.213034s ]
INFO: [ view_parse ] --END-- [ RunTime:0.213090s ]
INFO: [ view_filter ] --START--
INFO: Run Behavior\WriteHtmlCacheBehavior [ RunTime:0.000497s ]
INFO: [ view_filter ] --END-- [ RunTime:0.000547s ]
INFO: [ app_end ] --START--
INFO: Run Behavior\ShowPageTraceBehavior [ RunTime:0.001416s ]
INFO: [ app_end ] --END-- [ RunTime:0.001565s ]

[ 2015-04-04T16:44:40+08:00 ] 127.0.0.1 /admin/build/index.php/Home/Index/form-elements-2.html
INFO: [ app_init ] --START--
INFO: Run Behavior\BuildLiteBehavior [ RunTime:0.000023s ]
INFO: [ app_init ] --END-- [ RunTime:0.000511s ]
INFO: [ app_begin ] --START--
INFO: Run Behavior\ReadHtmlCacheBehavior [ RunTime:0.001001s ]
INFO: [ app_begin ] --END-- [ RunTime:0.001078s ]
INFO: [ view_parse ] --START--
INFO: [ template_filter ] --START--
INFO: Run Behavior\ContentReplaceBehavior [ RunTime:0.000153s ]
INFO: [ template_filter ] --END-- [ RunTime:0.000203s ]
NOTIC: [8] Undefined variable: _info E:\www\admin\build\Application\Runtime\Cache\Home\cea0eb870dd2aa58e746121d56269a4b.php 第 6 行.
INFO: Run Behavior\ParseTemplateBehavior [ RunTime:0.025318s ]
INFO: [ view_parse ] --END-- [ RunTime:0.025368s ]
INFO: [ view_filter ] --START--
INFO: Run Behavior\WriteHtmlCacheBehavior [ RunTime:0.000445s ]
INFO: [ view_filter ] --END-- [ RunTime:0.000481s ]
INFO: [ app_end ] --START--
INFO: Run Behavior\ShowPageTraceBehavior [ RunTime:0.001546s ]
INFO: [ app_end ] --END-- [ RunTime:0.001765s ]

[ 2015-04-04T16:44:49+08:00 ] 127.0.0.1 /admin/build/index.php/Home/Index/login.html
INFO: [ app_init ] --START--
INFO: Run Behavior\BuildLiteBehavior [ RunTime:0.000016s ]
INFO: [ app_init ] --END-- [ RunTime:0.000497s ]
INFO: [ app_begin ] --START--
INFO: Run Behavior\ReadHtmlCacheBehavior [ RunTime:0.000609s ]
INFO: [ app_begin ] --END-- [ RunTime:0.000663s ]
INFO: [ view_parse ] --START--
INFO: [ template_filter ] --START--
INFO: Run Behavior\ContentReplaceBehavior [ RunTime:0.000054s ]
INFO: [ template_filter ] --END-- [ RunTime:0.000103s ]
INFO: Run Behavior\ParseTemplateBehavior [ RunTime:0.007944s ]
INFO: [ view_parse ] --END-- [ RunTime:0.008034s ]
INFO: [ view_filter ] --START--
INFO: Run Behavior\WriteHtmlCacheBehavior [ RunTime:0.000615s ]
INFO: [ view_filter ] --END-- [ RunTime:0.000696s ]
INFO: [ app_end ] --START--
INFO: Run Behavior\ShowPageTraceBehavior [ RunTime:0.000661s ]
INFO: [ app_end ] --END-- [ RunTime:0.000705s ]

[ 2015-04-04T16:44:49+08:00 ] 127.0.0.1 /admin/build/index.php/Home/Index/verify.html
INFO: [ app_init ] --START--
INFO: Run Behavior\BuildLiteBehavior [ RunTime:0.000017s ]
INFO: [ app_init ] --END-- [ RunTime:0.000414s ]
INFO: [ app_begin ] --START--
INFO: Run Behavior\ReadHtmlCacheBehavior [ RunTime:0.000908s ]
INFO: [ app_begin ] --END-- [ RunTime:0.000982s ]
INFO: [ app_end ] --START--
INFO: Run Behavior\ShowPageTraceBehavior [ RunTime:0.000730s ]
INFO: [ app_end ] --END-- [ RunTime:0.000797s ]

[ 2015-04-04T16:44:55+08:00 ] 127.0.0.1 /admin/build/index.php/Home/Index/blank.html
INFO: [ app_init ] --START--
INFO: Run Behavior\BuildLiteBehavior [ RunTime:0.000015s ]
INFO: [ app_init ] --END-- [ RunTime:0.000504s ]
INFO: [ app_begin ] --START--
INFO: Run Behavior\ReadHtmlCacheBehavior [ RunTime:0.000707s ]
INFO: [ app_begin ] --END-- [ RunTime:0.000755s ]
ERR: 非法操作:blank

[ 2015-04-04T16:45:06+08:00 ] 127.0.0.1 /admin/build/index.php/Home/Index/profile.html
INFO: [ app_init ] --START--
INFO: Run Behavior\BuildLiteBehavior [ RunTime:0.000017s ]
INFO: [ app_init ] --END-- [ RunTime:0.000560s ]
INFO: [ app_begin ] --START--
INFO: Run Behavior\ReadHtmlCacheBehavior [ RunTime:0.000664s ]
INFO: [ app_begin ] --END-- [ RunTime:0.000714s ]
ERR: 非法操作:profile

[ 2015-04-04T16:45:14+08:00 ] 127.0.0.1 /admin/build/index.php/Home/Index/form-wizard.html
INFO: [ app_init ] --START--
INFO: Run Behavior\BuildLiteBehavior [ RunTime:0.000015s ]
INFO: [ app_init ] --END-- [ RunTime:0.000485s ]
INFO: [ app_begin ] --START--
INFO: Run Behavior\ReadHtmlCacheBehavior [ RunTime:0.000606s ]
INFO: [ app_begin ] --END-- [ RunTime:0.000671s ]
INFO: [ view_parse ] --START--
INFO: [ template_filter ] --START--
INFO: Run Behavior\ContentReplaceBehavior [ RunTime:0.000203s ]
INFO: [ template_filter ] --END-- [ RunTime:0.000252s ]
NOTIC: [8] Undefined variable: _info E:\www\admin\build\Application\Runtime\Cache\Home\7acbd95c04a586e8f3a8d6ca340925cd.php 第 6 行.
INFO: Run Behavior\ParseTemplateBehavior [ RunTime:0.100846s ]
INFO: [ view_parse ] --END-- [ RunTime:0.100927s ]
INFO: [ view_filter ] --START--
INFO: Run Behavior\WriteHtmlCacheBehavior [ RunTime:0.000369s ]
INFO: [ view_filter ] --END-- [ RunTime:0.000406s ]
INFO: [ app_end ] --START--
INFO: Run Behavior\ShowPageTraceBehavior [ RunTime:0.001853s ]
INFO: [ app_end ] --END-- [ RunTime:0.002097s ]

[ 2015-04-04T16:45:20+08:00 ] 127.0.0.1 /admin/build/index.php/Home/Index/wysiwyg.html
INFO: [ app_init ] --START--
INFO: Run Behavior\BuildLiteBehavior [ RunTime:0.000014s ]
INFO: [ app_init ] --END-- [ RunTime:0.000497s ]
INFO: [ app_begin ] --START--
INFO: Run Behavior\ReadHtmlCacheBehavior [ RunTime:0.000688s ]
INFO: [ app_begin ] --END-- [ RunTime:0.000732s ]
ERR: 非法操作:wysiwyg

[ 2015-04-04T16:45:41+08:00 ] 127.0.0.1 /admin/build/index.php/Home/Index/widgets.html
INFO: [ app_init ] --START--
INFO: Run Behavior\BuildLiteBehavior [ RunTime:0.000045s ]
INFO: [ app_init ] --END-- [ RunTime:0.001395s ]
INFO: [ app_begin ] --START--
INFO: Run Behavior\ReadHtmlCacheBehavior [ RunTime:0.001317s ]
INFO: [ app_begin ] --END-- [ RunTime:0.001413s ]
ERR: 非法操作:widgets

[ 2015-04-04T16:47:07+08:00 ] 127.0.0.1 /admin/build/index.php/Home/Index/elements.html
INFO: [ app_init ] --START--
INFO: Run Behavior\BuildLiteBehavior [ RunTime:0.000026s ]
INFO: [ app_init ] --END-- [ RunTime:0.000751s ]
INFO: [ app_begin ] --START--
INFO: Run Behavior\ReadHtmlCacheBehavior [ RunTime:0.001159s ]
INFO: [ app_begin ] --END-- [ RunTime:0.001244s ]
INFO: [ view_parse ] --START--
INFO: [ template_filter ] --START--
INFO: Run Behavior\ContentReplaceBehavior [ RunTime:0.000347s ]
INFO: [ template_filter ] --END-- [ RunTime:0.000397s ]
NOTIC: [8] Undefined variable: _info E:\www\admin\build\Application\Runtime\Cache\Home\bacb45ce80db6db9a684de376a9981c3.php 第 6 行.
INFO: Run Behavior\ParseTemplateBehavior [ RunTime:0.107726s ]
INFO: [ view_parse ] --END-- [ RunTime:0.107787s ]
INFO: [ view_filter ] --START--
INFO: Run Behavior\WriteHtmlCacheBehavior [ RunTime:0.000439s ]
INFO: [ view_filter ] --END-- [ RunTime:0.000479s ]
INFO: [ app_end ] --START--
INFO: Run Behavior\ShowPageTraceBehavior [ RunTime:0.001820s ]
INFO: [ app_end ] --END-- [ RunTime:0.001914s ]

[ 2015-04-04T16:49:40+08:00 ] 127.0.0.1 /admin/build/index.php/Home/Index/widgets.html
INFO: [ app_init ] --START--
INFO: Run Behavior\BuildLiteBehavior [ RunTime:0.000037s ]
INFO: [ app_init ] --END-- [ RunTime:0.001106s ]
INFO: [ app_begin ] --START--
INFO: Run Behavior\ReadHtmlCacheBehavior [ RunTime:0.001314s ]
INFO: [ app_begin ] --END-- [ RunTime:0.001422s ]
ERR: 非法操作:widgets

[ 2015-04-04T16:49:45+08:00 ] 127.0.0.1 /admin/build/index.php/Home/Index/dropzone.html
INFO: [ app_init ] --START--
INFO: Run Behavior\BuildLiteBehavior [ RunTime:0.000015s ]
INFO: [ app_init ] --END-- [ RunTime:0.000475s ]
INFO: [ app_begin ] --START--
INFO: Run Behavior\ReadHtmlCacheBehavior [ RunTime:0.000627s ]
INFO: [ app_begin ] --END-- [ RunTime:0.000680s ]
INFO: [ view_parse ] --START--
INFO: [ template_filter ] --START--
INFO: Run Behavior\ContentReplaceBehavior [ RunTime:0.000135s ]
INFO: [ template_filter ] --END-- [ RunTime:0.000185s ]
NOTIC: [8] Undefined variable: _info E:\www\admin\build\Application\Runtime\Cache\Home\fc9831a10ecf5c1685a2bdeed2adea7e.php 第 6 行.
INFO: Run Behavior\ParseTemplateBehavior [ RunTime:0.095421s ]
INFO: [ view_parse ] --END-- [ RunTime:0.095477s ]
INFO: [ view_filter ] --START--
INFO: Run Behavior\WriteHtmlCacheBehavior [ RunTime:0.000444s ]
INFO: [ view_filter ] --END-- [ RunTime:0.000481s ]
INFO: [ app_end ] --START--
INFO: Run Behavior\ShowPageTraceBehavior [ RunTime:0.002556s ]
INFO: [ app_end ] --END-- [ RunTime:0.002668s ]

[ 2015-04-04T16:49:49+08:00 ] 127.0.0.1 /admin/build/index.php/Home/Index/gallery.html
INFO: [ app_init ] --START--
INFO: Run Behavior\BuildLiteBehavior [ RunTime:0.000015s ]
INFO: [ app_init ] --END-- [ RunTime:0.000507s ]
INFO: [ app_begin ] --START--
INFO: Run Behavior\ReadHtmlCacheBehavior [ RunTime:0.000688s ]
INFO: [ app_begin ] --END-- [ RunTime:0.000732s ]
ERR: 非法操作:gallery

[ 2015-04-04T18:05:30+08:00 ] 127.0.0.1 /admin/build/index.php/Home/Index/dropzone.html
INFO: [ app_init ] --START--
INFO: Run Behavior\BuildLiteBehavior [ RunTime:0.000016s ]
INFO: [ app_init ] --END-- [ RunTime:0.000611s ]
INFO: [ app_begin ] --START--
INFO: Run Behavior\ReadHtmlCacheBehavior [ RunTime:0.000722s ]
INFO: [ app_begin ] --END-- [ RunTime:0.000765s ]
NOTIC: [8] Undefined index: children E:\www\admin\build\Application\Common\Common\function.php 第 16 行.
NOTIC: [8] Undefined index: children E:\www\admin\build\Application\Common\Common\function.php 第 16 行.
NOTIC: [8] Undefined index: children E:\www\admin\build\Application\Common\Common\function.php 第 16 行.
NOTIC: [8] Undefined index: children E:\www\admin\build\Application\Common\Common\function.php 第 16 行.
NOTIC: [8] Undefined index: children E:\www\admin\build\Application\Common\Common\function.php 第 16 行.
NOTIC: [8] Undefined index: children E:\www\admin\build\Application\Common\Common\function.php 第 16 行.
NOTIC: [8] Undefined index: children E:\www\admin\build\Application\Common\Common\function.php 第 16 行.
NOTIC: [8] Undefined index: children E:\www\admin\build\Application\Common\Common\function.php 第 16 行.
NOTIC: [8] Undefined index: children E:\www\admin\build\Application\Common\Common\function.php 第 16 行.
NOTIC: [8] Undefined index: children E:\www\admin\build\Application\Common\Common\function.php 第 16 行.
NOTIC: [8] Undefined index: children E:\www\admin\build\Application\Common\Common\function.php 第 16 行.
NOTIC: [8] Undefined index: icon E:\www\admin\build\Application\Common\Common\function.php 第 29 行.
NOTIC: [8] Undefined index: children E:\www\admin\build\Application\Common\Common\function.php 第 16 行.

[ 2015-04-04T18:05:37+08:00 ] 127.0.0.1 /admin/build/index.php/Home/Index/dropzone.html
INFO: [ app_init ] --START--
INFO: Run Behavior\BuildLiteBehavior [ RunTime:0.000023s ]
INFO: [ app_init ] --END-- [ RunTime:0.000673s ]
INFO: [ app_begin ] --START--
INFO: Run Behavior\ReadHtmlCacheBehavior [ RunTime:0.001305s ]
INFO: [ app_begin ] --END-- [ RunTime:0.001417s ]
NOTIC: [8] Undefined index: children E:\www\admin\build\Application\Common\Common\function.php 第 16 行.
NOTIC: [8] Undefined index: children E:\www\admin\build\Application\Common\Common\function.php 第 16 行.
NOTIC: [8] Undefined index: children E:\www\admin\build\Application\Common\Common\function.php 第 16 行.
NOTIC: [8] Undefined index: children E:\www\admin\build\Application\Common\Common\function.php 第 16 行.
NOTIC: [8] Undefined index: children E:\www\admin\build\Application\Common\Common\function.php 第 16 行.
NOTIC: [8] Undefined index: children E:\www\admin\build\Application\Common\Common\function.php 第 16 行.
NOTIC: [8] Undefined index: children E:\www\admin\build\Application\Common\Common\function.php 第 16 行.
NOTIC: [8] Undefined index: children E:\www\admin\build\Application\Common\Common\function.php 第 16 行.
NOTIC: [8] Undefined index: children E:\www\admin\build\Application\Common\Common\function.php 第 16 行.
NOTIC: [8] Undefined index: children E:\www\admin\build\Application\Common\Common\function.php 第 16 行.
NOTIC: [8] Undefined index: children E:\www\admin\build\Application\Common\Common\function.php 第 16 行.
NOTIC: [8] Undefined index: icon E:\www\admin\build\Application\Common\Common\function.php 第 29 行.
NOTIC: [8] Undefined index: children E:\www\admin\build\Application\Common\Common\function.php 第 16 行.

[ 2015-04-04T18:06:29+08:00 ] 127.0.0.1 /admin/build/index.php/Home/Index/dropzone.html
INFO: [ app_init ] --START--
INFO: Run Behavior\BuildLiteBehavior [ RunTime:0.000015s ]
INFO: [ app_init ] --END-- [ RunTime:0.000512s ]
INFO: [ app_begin ] --START--
INFO: Run Behavior\ReadHtmlCacheBehavior [ RunTime:0.001055s ]
INFO: [ app_begin ] --END-- [ RunTime:0.001135s ]
INFO: [ view_parse ] --START--
INFO: [ template_filter ] --START--
INFO: Run Behavior\ContentReplaceBehavior [ RunTime:0.000220s ]
INFO: [ template_filter ] --END-- [ RunTime:0.000294s ]
NOTIC: [8] Undefined variable: _info E:\www\admin\build\Application\Runtime\Cache\Home\fc9831a10ecf5c1685a2bdeed2adea7e.php 第 6 行.
INFO: Run Behavior\ParseTemplateBehavior [ RunTime:0.067272s ]
INFO: [ view_parse ] --END-- [ RunTime:0.067339s ]
INFO: [ view_filter ] --START--
INFO: Run Behavior\WriteHtmlCacheBehavior [ RunTime:0.000542s ]
INFO: [ view_filter ] --END-- [ RunTime:0.000602s ]
INFO: [ app_end ] --START--
INFO: Run Behavior\ShowPageTraceBehavior [ RunTime:0.001181s ]
INFO: [ app_end ] --END-- [ RunTime:0.001394s ]

[ 2015-04-04T18:06:31+08:00 ] 127.0.0.1 /admin/build/index.php/Home/Index/dropzone.html
INFO: [ app_init ] --START--
INFO: Run Behavior\BuildLiteBehavior [ RunTime:0.000015s ]
INFO: [ app_init ] --END-- [ RunTime:0.000479s ]
INFO: [ app_begin ] --START--
INFO: Run Behavior\ReadHtmlCacheBehavior [ RunTime:0.000988s ]
INFO: [ app_begin ] --END-- [ RunTime:0.001090s ]
INFO: [ view_parse ] --START--
INFO: [ template_filter ] --START--
INFO: Run Behavior\ContentReplaceBehavior [ RunTime:0.000145s ]
INFO: [ template_filter ] --END-- [ RunTime:0.000196s ]
NOTIC: [8] Undefined variable: _info E:\www\admin\build\Application\Runtime\Cache\Home\fc9831a10ecf5c1685a2bdeed2adea7e.php 第 6 行.
INFO: Run Behavior\ParseTemplateBehavior [ RunTime:0.025709s ]
INFO: [ view_parse ] --END-- [ RunTime:0.025756s ]
INFO: [ view_filter ] --START--
INFO: Run Behavior\WriteHtmlCacheBehavior [ RunTime:0.000364s ]
INFO: [ view_filter ] --END-- [ RunTime:0.000399s ]
INFO: [ app_end ] --START--
INFO: Run Behavior\ShowPageTraceBehavior [ RunTime:0.000980s ]
INFO: [ app_end ] --END-- [ RunTime:0.001078s ]

[ 2015-04-04T18:09:12+08:00 ] 127.0.0.1 /admin/build/index.php/Home/Index/dropzone.html
INFO: [ app_init ] --START--
INFO: Run Behavior\BuildLiteBehavior [ RunTime:0.000015s ]
INFO: [ app_init ] --END-- [ RunTime:0.000536s ]
INFO: [ app_begin ] --START--
INFO: Run Behavior\ReadHtmlCacheBehavior [ RunTime:0.000706s ]
INFO: [ app_begin ] --END-- [ RunTime:0.000753s ]
NOTIC: [8] Undefined index: children E:\www\admin\build\Application\Common\Common\function.php 第 16 行.
NOTIC: [8] Undefined index: children E:\www\admin\build\Application\Common\Common\function.php 第 16 行.
NOTIC: [8] Undefined index: children E:\www\admin\build\Application\Common\Common\function.php 第 16 行.
NOTIC: [8] Undefined index: children E:\www\admin\build\Application\Common\Common\function.php 第 16 行.
NOTIC: [8] Undefined index: children E:\www\admin\build\Application\Common\Common\function.php 第 16 行.
NOTIC: [8] Undefined index: children E:\www\admin\build\Application\Common\Common\function.php 第 16 行.
NOTIC: [8] Undefined index: children E:\www\admin\build\Application\Common\Common\function.php 第 16 行.
NOTIC: [8] Undefined index: children E:\www\admin\build\Application\Common\Common\function.php 第 16 行.
NOTIC: [8] Undefined index: children E:\www\admin\build\Application\Common\Common\function.php 第 16 行.
NOTIC: [8] Undefined index: children E:\www\admin\build\Application\Common\Common\function.php 第 16 行.
NOTIC: [8] Undefined index: children E:\www\admin\build\Application\Common\Common\function.php 第 16 行.
NOTIC: [8] Undefined index: icon E:\www\admin\build\Application\Common\Common\function.php 第 29 行.
NOTIC: [8] Undefined index: children E:\www\admin\build\Application\Common\Common\function.php 第 16 行.

[ 2015-04-04T18:10:36+08:00 ] 127.0.0.1 /admin/build/index.php/Home/Index/dropzone.html
INFO: [ app_init ] --START--
INFO: Run Behavior\BuildLiteBehavior [ RunTime:0.000015s ]
INFO: [ app_init ] --END-- [ RunTime:0.000500s ]
INFO: [ app_begin ] --START--
INFO: Run Behavior\ReadHtmlCacheBehavior [ RunTime:0.000680s ]
INFO: [ app_begin ] --END-- [ RunTime:0.000726s ]
NOTIC: [8] Undefined index: children E:\www\admin\build\Application\Common\Common\function.php 第 16 行.
NOTIC: [8] Undefined index: children E:\www\admin\build\Application\Common\Common\function.php 第 16 行.
NOTIC: [8] Undefined index: children E:\www\admin\build\Application\Common\Common\function.php 第 16 行.
NOTIC: [8] Undefined index: children E:\www\admin\build\Application\Common\Common\function.php 第 16 行.
NOTIC: [8] Undefined index: children E:\www\admin\build\Application\Common\Common\function.php 第 16 行.
NOTIC: [8] Undefined index: children E:\www\admin\build\Application\Common\Common\function.php 第 16 行.
NOTIC: [8] Undefined index: children E:\www\admin\build\Application\Common\Common\function.php 第 16 行.
NOTIC: [8] Undefined index: children E:\www\admin\build\Application\Common\Common\function.php 第 16 行.
NOTIC: [8] Undefined index: children E:\www\admin\build\Application\Common\Common\function.php 第 16 行.
NOTIC: [8] Undefined index: children E:\www\admin\build\Application\Common\Common\function.php 第 16 行.
NOTIC: [8] Undefined index: children E:\www\admin\build\Application\Common\Common\function.php 第 16 行.
NOTIC: [8] Undefined index: icon E:\www\admin\build\Application\Common\Common\function.php 第 29 行.
NOTIC: [8] Undefined index: children E:\www\admin\build\Application\Common\Common\function.php 第 16 行.

[ 2015-04-04T18:11:08+08:00 ] 127.0.0.1 /admin/build/index.php/Home/Index/dropzone.html
INFO: [ app_init ] --START--
INFO: Run Behavior\BuildLiteBehavior [ RunTime:0.000016s ]
INFO: [ app_init ] --END-- [ RunTime:0.000482s ]
INFO: [ app_begin ] --START--
INFO: Run Behavior\ReadHtmlCacheBehavior [ RunTime:0.000742s ]
INFO: [ app_begin ] --END-- [ RunTime:0.000803s ]
INFO: [ view_parse ] --START--
INFO: [ template_filter ] --START--
INFO: Run Behavior\ContentReplaceBehavior [ RunTime:0.000136s ]
INFO: [ template_filter ] --END-- [ RunTime:0.000186s ]
NOTIC: [8] Undefined variable: _info E:\www\admin\build\Application\Runtime\Cache\Home\fc9831a10ecf5c1685a2bdeed2adea7e.php 第 6 行.
INFO: Run Behavior\ParseTemplateBehavior [ RunTime:0.051064s ]
INFO: [ view_parse ] --END-- [ RunTime:0.051111s ]
INFO: [ view_filter ] --START--
INFO: Run Behavior\WriteHtmlCacheBehavior [ RunTime:0.000444s ]
INFO: [ view_filter ] --END-- [ RunTime:0.000481s ]
INFO: [ app_end ] --START--
INFO: Run Behavior\ShowPageTraceBehavior [ RunTime:0.001251s ]
INFO: [ app_end ] --END-- [ RunTime:0.001341s ]

[ 2015-04-04T18:12:44+08:00 ] 127.0.0.1 /admin/build/index.php/Home/Index/dropzone.html
INFO: [ app_init ] --START--
INFO: Run Behavior\BuildLiteBehavior [ RunTime:0.000015s ]
INFO: [ app_init ] --END-- [ RunTime:0.000557s ]
INFO: [ app_begin ] --START--
INFO: Run Behavior\ReadHtmlCacheBehavior [ RunTime:0.000708s ]
INFO: [ app_begin ] --END-- [ RunTime:0.000755s ]
NOTIC: [8] Undefined index: children E:\www\admin\build\Application\Common\Common\function.php 第 16 行.
NOTIC: [8] Undefined index: children E:\www\admin\build\Application\Common\Common\function.php 第 16 行.
NOTIC: [8] Undefined index: children E:\www\admin\build\Application\Common\Common\function.php 第 16 行.
NOTIC: [8] Undefined index: children E:\www\admin\build\Application\Common\Common\function.php 第 16 行.
NOTIC: [8] Undefined index: children E:\www\admin\build\Application\Common\Common\function.php 第 16 行.
NOTIC: [8] Undefined index: children E:\www\admin\build\Application\Common\Common\function.php 第 16 行.
NOTIC: [8] Undefined index: children E:\www\admin\build\Application\Common\Common\function.php 第 16 行.
NOTIC: [8] Undefined index: children E:\www\admin\build\Application\Common\Common\function.php 第 16 行.
NOTIC: [8] Undefined index: children E:\www\admin\build\Application\Common\Common\function.php 第 16 行.
NOTIC: [8] Undefined index: children E:\www\admin\build\Application\Common\Common\function.php 第 16 行.
NOTIC: [8] Undefined index: children E:\www\admin\build\Application\Common\Common\function.php 第 16 行.
NOTIC: [8] Undefined index: icon E:\www\admin\build\Application\Common\Common\function.php 第 29 行.
NOTIC: [8] Undefined index: children E:\www\admin\build\Application\Common\Common\function.php 第 16 行.

[ 2015-04-04T18:14:52+08:00 ] 127.0.0.1 /admin/build/index.php/Home/Index/dropzone.html
INFO: [ app_init ] --START--
INFO: Run Behavior\BuildLiteBehavior [ RunTime:0.000027s ]
INFO: [ app_init ] --END-- [ RunTime:0.000525s ]
INFO: [ app_begin ] --START--
INFO: Run Behavior\ReadHtmlCacheBehavior [ RunTime:0.000683s ]
INFO: [ app_begin ] --END-- [ RunTime:0.000728s ]
NOTIC: [8] Undefined index: children E:\www\admin\build\Application\Common\Common\function.php 第 16 行.
NOTIC: [8] Undefined index: children E:\www\admin\build\Application\Common\Common\function.php 第 16 行.
NOTIC: [8] Undefined index: children E:\www\admin\build\Application\Common\Common\function.php 第 16 行.
NOTIC: [8] Undefined index: children E:\www\admin\build\Application\Common\Common\function.php 第 16 行.
NOTIC: [8] Undefined index: children E:\www\admin\build\Application\Common\Common\function.php 第 16 行.
NOTIC: [8] Undefined index: children E:\www\admin\build\Application\Common\Common\function.php 第 16 行.
NOTIC: [8] Undefined index: children E:\www\admin\build\Application\Common\Common\function.php 第 16 行.
NOTIC: [8] Undefined index: children E:\www\admin\build\Application\Common\Common\function.php 第 16 行.
NOTIC: [8] Undefined index: children E:\www\admin\build\Application\Common\Common\function.php 第 16 行.
NOTIC: [8] Undefined index: children E:\www\admin\build\Application\Common\Common\function.php 第 16 行.
NOTIC: [8] Undefined index: children E:\www\admin\build\Application\Common\Common\function.php 第 16 行.
NOTIC: [8] Undefined index: icon E:\www\admin\build\Application\Common\Common\function.php 第 29 行.
NOTIC: [8] Undefined index: children E:\www\admin\build\Application\Common\Common\function.php 第 16 行.

[ 2015-04-04T18:16:20+08:00 ] 127.0.0.1 /admin/build/index.php/Home/Index/dropzone.html
INFO: [ app_init ] --START--
INFO: Run Behavior\BuildLiteBehavior [ RunTime:0.000062s ]
INFO: [ app_init ] --END-- [ RunTime:0.000578s ]
INFO: [ app_begin ] --START--
INFO: Run Behavior\ReadHtmlCacheBehavior [ RunTime:0.000783s ]
INFO: [ app_begin ] --END-- [ RunTime:0.000844s ]
INFO: [ view_parse ] --START--
INFO: [ template_filter ] --START--
INFO: Run Behavior\ContentReplaceBehavior [ RunTime:0.000137s ]
INFO: [ template_filter ] --END-- [ RunTime:0.000187s ]
NOTIC: [8] Undefined variable: _info E:\www\admin\build\Application\Runtime\Cache\Home\fc9831a10ecf5c1685a2bdeed2adea7e.php 第 6 行.
INFO: Run Behavior\ParseTemplateBehavior [ RunTime:0.332271s ]
INFO: [ view_parse ] --END-- [ RunTime:0.332316s ]
INFO: [ view_filter ] --START--
INFO: Run Behavior\WriteHtmlCacheBehavior [ RunTime:0.000470s ]
INFO: [ view_filter ] --END-- [ RunTime:0.000518s ]
INFO: [ app_end ] --START--
INFO: Run Behavior\ShowPageTraceBehavior [ RunTime:0.001603s ]
INFO: [ app_end ] --END-- [ RunTime:0.002117s ]

[ 2015-04-04T18:18:28+08:00 ] 127.0.0.1 /admin/build/index.php/Home/Index/index.html
INFO: [ app_init ] --START--
INFO: Run Behavior\BuildLiteBehavior [ RunTime:0.000016s ]
INFO: [ app_init ] --END-- [ RunTime:0.000528s ]
INFO: [ app_begin ] --START--
INFO: Run Behavior\ReadHtmlCacheBehavior [ RunTime:0.000719s ]
INFO: [ app_begin ] --END-- [ RunTime:0.000765s ]
INFO: [ view_parse ] --START--
INFO: [ template_filter ] --START--
INFO: Run Behavior\ContentReplaceBehavior [ RunTime:0.000648s ]
INFO: [ template_filter ] --END-- [ RunTime:0.000735s ]
INFO: Run Behavior\ParseTemplateBehavior [ RunTime:0.159337s ]
INFO: [ view_parse ] --END-- [ RunTime:0.159422s ]
INFO: [ view_filter ] --START--
INFO: Run Behavior\WriteHtmlCacheBehavior [ RunTime:0.000629s ]
INFO: [ view_filter ] --END-- [ RunTime:0.000696s ]
INFO: [ app_end ] --START--
INFO: Run Behavior\ShowPageTraceBehavior [ RunTime:0.002346s ]
INFO: [ app_end ] --END-- [ RunTime:0.002471s ]

[ 2015-04-04T18:18:48+08:00 ] 127.0.0.1 /admin/build/index.php/Home/Index/dropzone.html
INFO: [ app_init ] --START--
INFO: Run Behavior\BuildLiteBehavior [ RunTime:0.000017s ]
INFO: [ app_init ] --END-- [ RunTime:0.000473s ]
INFO: [ app_begin ] --START--
INFO: Run Behavior\ReadHtmlCacheBehavior [ RunTime:0.000791s ]
INFO: [ app_begin ] --END-- [ RunTime:0.000849s ]
INFO: [ view_parse ] --START--
INFO: [ template_filter ] --START--
INFO: Run Behavior\ContentReplaceBehavior [ RunTime:0.000162s ]
INFO: [ template_filter ] --END-- [ RunTime:0.000213s ]
NOTIC: [8] Undefined variable: _info E:\www\admin\build\Application\Runtime\Cache\Home\fc9831a10ecf5c1685a2bdeed2adea7e.php 第 6 行.
INFO: Run Behavior\ParseTemplateBehavior [ RunTime:0.026622s ]
INFO: [ view_parse ] --END-- [ RunTime:0.026692s ]
INFO: [ view_filter ] --START--
INFO: Run Behavior\WriteHtmlCacheBehavior [ RunTime:0.000632s ]
INFO: [ view_filter ] --END-- [ RunTime:0.000715s ]
INFO: [ app_end ] --START--
INFO: Run Behavior\ShowPageTraceBehavior [ RunTime:0.002564s ]
INFO: [ app_end ] --END-- [ RunTime:0.002828s ]

[ 2015-04-04T18:19:21+08:00 ] 127.0.0.1 /admin/build/index.php/Home/Index/index.html
INFO: [ app_init ] --START--
INFO: Run Behavior\BuildLiteBehavior [ RunTime:0.000016s ]
INFO: [ app_init ] --END-- [ RunTime:0.000499s ]
INFO: [ app_begin ] --START--
INFO: Run Behavior\ReadHtmlCacheBehavior [ RunTime:0.000666s ]
INFO: [ app_begin ] --END-- [ RunTime:0.000713s ]
INFO: [ view_parse ] --START--
INFO: [ template_filter ] --START--
INFO: Run Behavior\ContentReplaceBehavior [ RunTime:0.000380s ]
INFO: [ template_filter ] --END-- [ RunTime:0.000432s ]
INFO: Run Behavior\ParseTemplateBehavior [ RunTime:0.032172s ]
INFO: [ view_parse ] --END-- [ RunTime:0.032224s ]
INFO: [ view_filter ] --START--
INFO: Run Behavior\WriteHtmlCacheBehavior [ RunTime:0.000403s ]
INFO: [ view_filter ] --END-- [ RunTime:0.000451s ]
INFO: [ app_end ] --START--
INFO: Run Behavior\ShowPageTraceBehavior [ RunTime:0.001378s ]
INFO: [ app_end ] --END-- [ RunTime:0.001505s ]

[ 2015-04-04T18:19:50+08:00 ] 127.0.0.1 /admin/build/index.php/Home/Index/dropzone.html
INFO: [ app_init ] --START--
INFO: Run Behavior\BuildLiteBehavior [ RunTime:0.000016s ]
INFO: [ app_init ] --END-- [ RunTime:0.000564s ]
INFO: [ app_begin ] --START--
INFO: Run Behavior\ReadHtmlCacheBehavior [ RunTime:0.000705s ]
INFO: [ app_begin ] --END-- [ RunTime:0.000762s ]
NOTIC: [8] Undefined index: children E:\www\admin\build\Application\Common\Common\function.php 第 16 行.
NOTIC: [8] Undefined index: children E:\www\admin\build\Application\Common\Common\function.php 第 16 行.
NOTIC: [8] Undefined index: children E:\www\admin\build\Application\Common\Common\function.php 第 16 行.
NOTIC: [8] Undefined index: children E:\www\admin\build\Application\Common\Common\function.php 第 16 行.
NOTIC: [8] Undefined index: children E:\www\admin\build\Application\Common\Common\function.php 第 16 行.
NOTIC: [8] Undefined index: children E:\www\admin\build\Application\Common\Common\function.php 第 16 行.
NOTIC: [8] Undefined index: children E:\www\admin\build\Application\Common\Common\function.php 第 16 行.
NOTIC: [8] Undefined index: children E:\www\admin\build\Application\Common\Common\function.php 第 16 行.
NOTIC: [8] Undefined index: children E:\www\admin\build\Application\Common\Common\function.php 第 16 行.
NOTIC: [8] Undefined index: children E:\www\admin\build\Application\Common\Common\function.php 第 16 行.
NOTIC: [8] Undefined index: children E:\www\admin\build\Application\Common\Common\function.php 第 16 行.
NOTIC: [8] Undefined index: children E:\www\admin\build\Application\Common\Common\function.php 第 16 行.

[ 2015-04-04T18:20:05+08:00 ] 127.0.0.1 /admin/build/index.php/Home/Index/index.html
INFO: [ app_init ] --START--
INFO: Run Behavior\BuildLiteBehavior [ RunTime:0.000014s ]
INFO: [ app_init ] --END-- [ RunTime:0.000538s ]
INFO: [ app_begin ] --START--
INFO: Run Behavior\ReadHtmlCacheBehavior [ RunTime:0.000732s ]
INFO: [ app_begin ] --END-- [ RunTime:0.000783s ]
INFO: [ view_parse ] --START--
INFO: [ template_filter ] --START--
INFO: Run Behavior\ContentReplaceBehavior [ RunTime:0.000303s ]
INFO: [ template_filter ] --END-- [ RunTime:0.000354s ]
INFO: Run Behavior\ParseTemplateBehavior [ RunTime:0.033697s ]
INFO: [ view_parse ] --END-- [ RunTime:0.033752s ]
INFO: [ view_filter ] --START--
INFO: Run Behavior\WriteHtmlCacheBehavior [ RunTime:0.000507s ]
INFO: [ view_filter ] --END-- [ RunTime:0.000543s ]
INFO: [ app_end ] --START--
INFO: Run Behavior\ShowPageTraceBehavior [ RunTime:0.001275s ]
INFO: [ app_end ] --END-- [ RunTime:0.001407s ]

[ 2015-04-04T18:21:09+08:00 ] 127.0.0.1 /admin/build/index.php/Home/Index/index.html
INFO: [ app_init ] --START--
INFO: Run Behavior\BuildLiteBehavior [ RunTime:0.000018s ]
INFO: [ app_init ] --END-- [ RunTime:0.000556s ]
INFO: [ app_begin ] --START--
INFO: Run Behavior\ReadHtmlCacheBehavior [ RunTime:0.000642s ]
INFO: [ app_begin ] --END-- [ RunTime:0.000691s ]
INFO: [ view_parse ] --START--
INFO: [ template_filter ] --START--
INFO: Run Behavior\ContentReplaceBehavior [ RunTime:0.000292s ]
INFO: [ template_filter ] --END-- [ RunTime:0.000341s ]
NOTIC: [8] Undefined index: children E:\www\admin\build\Application\Common\Common\function.php 第 16 行.
NOTIC: [8] Undefined index: children E:\www\admin\build\Application\Common\Common\function.php 第 16 行.
NOTIC: [8] Undefined index: children E:\www\admin\build\Application\Common\Common\function.php 第 16 行.
NOTIC: [8] Undefined index: children E:\www\admin\build\Application\Common\Common\function.php 第 16 行.
NOTIC: [8] Undefined index: children E:\www\admin\build\Application\Common\Common\function.php 第 16 行.
NOTIC: [8] Undefined index: children E:\www\admin\build\Application\Common\Common\function.php 第 16 行.
NOTIC: [8] Undefined index: children E:\www\admin\build\Application\Common\Common\function.php 第 16 行.
NOTIC: [8] Undefined index: children E:\www\admin\build\Application\Common\Common\function.php 第 16 行.
NOTIC: [8] Undefined index: children E:\www\admin\build\Application\Common\Common\function.php 第 16 行.
NOTIC: [8] Undefined index: children E:\www\admin\build\Application\Common\Common\function.php 第 16 行.
NOTIC: [8] Undefined index: children E:\www\admin\build\Application\Common\Common\function.php 第 16 行.
NOTIC: [8] Undefined index: children E:\www\admin\build\Application\Common\Common\function.php 第 16 行.
INFO: Run Behavior\ParseTemplateBehavior [ RunTime:0.032706s ]
INFO: [ view_parse ] --END-- [ RunTime:0.032764s ]
INFO: [ view_filter ] --START--
INFO: Run Behavior\WriteHtmlCacheBehavior [ RunTime:0.000442s ]
INFO: [ view_filter ] --END-- [ RunTime:0.000479s ]
INFO: [ app_end ] --START--
INFO: Run Behavior\ShowPageTraceBehavior [ RunTime:0.002609s ]
INFO: [ app_end ] --END-- [ RunTime:0.002733s ]

[ 2015-04-04T18:25:17+08:00 ] 127.0.0.1 /admin/build/index.php/Home/Index/index.html
INFO: [ app_init ] --START--
INFO: Run Behavior\BuildLiteBehavior [ RunTime:0.000017s ]
INFO: [ app_init ] --END-- [ RunTime:0.000583s ]
INFO: [ app_begin ] --START--
INFO: Run Behavior\ReadHtmlCacheBehavior [ RunTime:0.001045s ]
INFO: [ app_begin ] --END-- [ RunTime:0.001193s ]
INFO: [ view_parse ] --START--
INFO: [ template_filter ] --START--
INFO: Run Behavior\ContentReplaceBehavior [ RunTime:0.000327s ]
INFO: [ template_filter ] --END-- [ RunTime:0.000382s ]
NOTIC: [8] Undefined index: children E:\www\admin\build\Application\Common\Common\function.php 第 16 行.
NOTIC: [8] Undefined index: children E:\www\admin\build\Application\Common\Common\function.php 第 16 行.
NOTIC: [8] Undefined index: children E:\www\admin\build\Application\Common\Common\function.php 第 16 行.
NOTIC: [8] Undefined index: children E:\www\admin\build\Application\Common\Common\function.php 第 16 行.
NOTIC: [8] Undefined index: children E:\www\admin\build\Application\Common\Common\function.php 第 16 行.
NOTIC: [8] Undefined index: children E:\www\admin\build\Application\Common\Common\function.php 第 16 行.
NOTIC: [8] Undefined index: children E:\www\admin\build\Application\Common\Common\function.php 第 16 行.
NOTIC: [8] Undefined index: children E:\www\admin\build\Application\Common\Common\function.php 第 16 行.
NOTIC: [8] Undefined index: children E:\www\admin\build\Application\Common\Common\function.php 第 16 行.
NOTIC: [8] Undefined index: children E:\www\admin\build\Application\Common\Common\function.php 第 16 行.
NOTIC: [8] Undefined index: children E:\www\admin\build\Application\Common\Common\function.php 第 16 行.
NOTIC: [8] Undefined index: children E:\www\admin\build\Application\Common\Common\function.php 第 16 行.
INFO: Run Behavior\ParseTemplateBehavior [ RunTime:0.218347s ]
INFO: [ view_parse ] --END-- [ RunTime:0.218398s ]
INFO: [ view_filter ] --START--
INFO: Run Behavior\WriteHtmlCacheBehavior [ RunTime:0.000442s ]
INFO: [ view_filter ] --END-- [ RunTime:0.000479s ]
INFO: [ app_end ] --START--
INFO: Run Behavior\ShowPageTraceBehavior [ RunTime:0.005430s ]
INFO: [ app_end ] --END-- [ RunTime:0.005518s ]

[ 2015-04-04T18:25:19+08:00 ] 127.0.0.1 /admin/build/index.php/Home/Index/elements.html
INFO: [ app_init ] --START--
INFO: Run Behavior\BuildLiteBehavior [ RunTime:0.000014s ]
INFO: [ app_init ] --END-- [ RunTime:0.000465s ]
INFO: [ app_begin ] --START--
INFO: Run Behavior\ReadHtmlCacheBehavior [ RunTime:0.000608s ]
INFO: [ app_begin ] --END-- [ RunTime:0.000667s ]
INFO: [ view_parse ] --START--
INFO: [ template_filter ] --START--
INFO: Run Behavior\ContentReplaceBehavior [ RunTime:0.000334s ]
INFO: [ template_filter ] --END-- [ RunTime:0.000386s ]
NOTIC: [8] Undefined variable: _info E:\www\admin\build\Application\Runtime\Cache\Home\bacb45ce80db6db9a684de376a9981c3.php 第 6 行.
NOTIC: [8] Undefined index: children E:\www\admin\build\Application\Common\Common\function.php 第 16 行.
NOTIC: [8] Undefined index: children E:\www\admin\build\Application\Common\Common\function.php 第 16 行.
NOTIC: [8] Undefined index: children E:\www\admin\build\Application\Common\Common\function.php 第 16 行.
NOTIC: [8] Undefined index: children E:\www\admin\build\Application\Common\Common\function.php 第 16 行.
NOTIC: [8] Undefined index: children E:\www\admin\build\Application\Common\Common\function.php 第 16 行.
NOTIC: [8] Undefined index: children E:\www\admin\build\Application\Common\Common\function.php 第 16 行.
NOTIC: [8] Undefined index: children E:\www\admin\build\Application\Common\Common\function.php 第 16 行.
NOTIC: [8] Undefined index: children E:\www\admin\build\Application\Common\Common\function.php 第 16 行.
NOTIC: [8] Undefined index: children E:\www\admin\build\Application\Common\Common\function.php 第 16 行.
NOTIC: [8] Undefined index: children E:\www\admin\build\Application\Common\Common\function.php 第 16 行.
NOTIC: [8] Undefined index: children E:\www\admin\build\Application\Common\Common\function.php 第 16 行.
NOTIC: [8] Undefined index: children E:\www\admin\build\Application\Common\Common\function.php 第 16 行.
INFO: Run Behavior\ParseTemplateBehavior [ RunTime:0.059737s ]
INFO: [ view_parse ] --END-- [ RunTime:0.059787s ]
INFO: [ view_filter ] --START--
INFO: Run Behavior\WriteHtmlCacheBehavior [ RunTime:0.000548s ]
INFO: [ view_filter ] --END-- [ RunTime:0.000587s ]
INFO: [ app_end ] --START--
INFO: Run Behavior\ShowPageTraceBehavior [ RunTime:0.001988s ]
INFO: [ app_end ] --END-- [ RunTime:0.002184s ]

[ 2015-04-04T18:25:26+08:00 ] 127.0.0.1 /admin/build/index.php/Home/Index/buttons.html
INFO: [ app_init ] --START--
INFO: Run Behavior\BuildLiteBehavior [ RunTime:0.000015s ]
INFO: [ app_init ] --END-- [ RunTime:0.000526s ]
INFO: [ app_begin ] --START--
INFO: Run Behavior\ReadHtmlCacheBehavior [ RunTime:0.000782s ]
INFO: [ app_begin ] --END-- [ RunTime:0.000840s ]
INFO: [ view_parse ] --START--
INFO: [ template_filter ] --START--
INFO: Run Behavior\ContentReplaceBehavior [ RunTime:0.000343s ]
INFO: [ template_filter ] --END-- [ RunTime:0.000413s ]
NOTIC: [8] Undefined variable: _info E:\www\admin\build\Application\Runtime\Cache\Home\6817f36537a42bc324c59488b06f6e6b.php 第 6 行.
NOTIC: [8] Undefined index: children E:\www\admin\build\Application\Common\Common\function.php 第 16 行.
NOTIC: [8] Undefined index: children E:\www\admin\build\Application\Common\Common\function.php 第 16 行.
NOTIC: [8] Undefined index: children E:\www\admin\build\Application\Common\Common\function.php 第 16 行.
NOTIC: [8] Undefined index: children E:\www\admin\build\Application\Common\Common\function.php 第 16 行.
NOTIC: [8] Undefined index: children E:\www\admin\build\Application\Common\Common\function.php 第 16 行.
NOTIC: [8] Undefined index: children E:\www\admin\build\Application\Common\Common\function.php 第 16 行.
NOTIC: [8] Undefined index: children E:\www\admin\build\Application\Common\Common\function.php 第 16 行.
NOTIC: [8] Undefined index: children E:\www\admin\build\Application\Common\Common\function.php 第 16 行.
NOTIC: [8] Undefined index: children E:\www\admin\build\Application\Common\Common\function.php 第 16 行.
NOTIC: [8] Undefined index: children E:\www\admin\build\Application\Common\Common\function.php 第 16 行.
NOTIC: [8] Undefined index: children E:\www\admin\build\Application\Common\Common\function.php 第 16 行.
NOTIC: [8] Undefined index: children E:\www\admin\build\Application\Common\Common\function.php 第 16 行.
INFO: Run Behavior\ParseTemplateBehavior [ RunTime:0.381781s ]
INFO: [ view_parse ] --END-- [ RunTime:0.381949s ]
INFO: [ view_filter ] --START--
INFO: Run Behavior\WriteHtmlCacheBehavior [ RunTime:0.000916s ]
INFO: [ view_filter ] --END-- [ RunTime:0.001025s ]
INFO: [ app_end ] --START--
INFO: Run Behavior\ShowPageTraceBehavior [ RunTime:0.003379s ]
INFO: [ app_end ] --END-- [ RunTime:0.003504s ]

[ 2015-04-04T18:28:42+08:00 ] 127.0.0.1 /admin/build/index.php/Home/Index/buttons.html
INFO: [ app_init ] --START--
INFO: Run Behavior\BuildLiteBehavior [ RunTime:0.000015s ]
INFO: [ app_init ] --END-- [ RunTime:0.000456s ]
INFO: [ app_begin ] --START--
INFO: Run Behavior\ReadHtmlCacheBehavior [ RunTime:0.000671s ]
INFO: [ app_begin ] --END-- [ RunTime:0.000727s ]
INFO: [ view_parse ] --START--
INFO: [ template_filter ] --START--
INFO: Run Behavior\ContentReplaceBehavior [ RunTime:0.000317s ]
INFO: [ template_filter ] --END-- [ RunTime:0.000366s ]
NOTIC: [8] Undefined variable: _info E:\www\admin\build\Application\Runtime\Cache\Home\6817f36537a42bc324c59488b06f6e6b.php 第 6 行.
NOTIC: [8] Undefined index: children E:\www\admin\build\Application\Common\Common\function.php 第 16 行.
NOTIC: [8] Undefined index: children E:\www\admin\build\Application\Common\Common\function.php 第 16 行.
NOTIC: [8] Undefined index: children E:\www\admin\build\Application\Common\Common\function.php 第 16 行.
NOTIC: [8] Undefined index: children E:\www\admin\build\Application\Common\Common\function.php 第 16 行.
NOTIC: [8] Undefined index: children E:\www\admin\build\Application\Common\Common\function.php 第 16 行.
NOTIC: [8] Undefined index: children E:\www\admin\build\Application\Common\Common\function.php 第 16 行.
NOTIC: [8] Undefined index: children E:\www\admin\build\Application\Common\Common\function.php 第 16 行.
NOTIC: [8] Undefined index: children E:\www\admin\build\Application\Common\Common\function.php 第 16 行.
NOTIC: [8] Undefined index: children E:\www\admin\build\Application\Common\Common\function.php 第 16 行.
NOTIC: [8] Undefined index: children E:\www\admin\build\Application\Common\Common\function.php 第 16 行.
NOTIC: [8] Undefined index: children E:\www\admin\build\Application\Common\Common\function.php 第 16 行.
NOTIC: [8] Undefined index: children E:\www\admin\build\Application\Common\Common\function.php 第 16 行.
INFO: Run Behavior\ParseTemplateBehavior [ RunTime:0.032547s ]
INFO: [ view_parse ] --END-- [ RunTime:0.032590s ]
INFO: [ view_filter ] --START--
INFO: Run Behavior\WriteHtmlCacheBehavior [ RunTime:0.000396s ]
INFO: [ view_filter ] --END-- [ RunTime:0.000434s ]
INFO: [ app_end ] --START--
INFO: Run Behavior\ShowPageTraceBehavior [ RunTime:0.001718s ]
INFO: [ app_end ] --END-- [ RunTime:0.001829s ]

[ 2015-04-04T18:28:45+08:00 ] 127.0.0.1 /admin/build/index.php/Home/Index/tables.html
INFO: [ app_init ] --START--
INFO: Run Behavior\BuildLiteBehavior [ RunTime:0.000015s ]
INFO: [ app_init ] --END-- [ RunTime:0.000535s ]
INFO: [ app_begin ] --START--
INFO: Run Behavior\ReadHtmlCacheBehavior [ RunTime:0.000648s ]
INFO: [ app_begin ] --END-- [ RunTime:0.000693s ]
INFO: [ view_parse ] --START--
INFO: [ template_filter ] --START--
INFO: Run Behavior\ContentReplaceBehavior [ RunTime:0.000501s ]
INFO: [ template_filter ] --END-- [ RunTime:0.000578s ]
NOTIC: [8] Undefined variable: _info E:\www\admin\build\Application\Runtime\Cache\Home\4e6b1f6c971bee001be27890376e3c12.php 第 6 行.
NOTIC: [8] Undefined index: children E:\www\admin\build\Application\Common\Common\function.php 第 16 行.
NOTIC: [8] Undefined index: children E:\www\admin\build\Application\Common\Common\function.php 第 16 行.
NOTIC: [8] Undefined index: children E:\www\admin\build\Application\Common\Common\function.php 第 16 行.
NOTIC: [8] Undefined index: children E:\www\admin\build\Application\Common\Common\function.php 第 16 行.
NOTIC: [8] Undefined index: children E:\www\admin\build\Application\Common\Common\function.php 第 16 行.
NOTIC: [8] Undefined index: children E:\www\admin\build\Application\Common\Common\function.php 第 16 行.
NOTIC: [8] Undefined index: children E:\www\admin\build\Application\Common\Common\function.php 第 16 行.
NOTIC: [8] Undefined index: children E:\www\admin\build\Application\Common\Common\function.php 第 16 行.
NOTIC: [8] Undefined index: children E:\www\admin\build\Application\Common\Common\function.php 第 16 行.
NOTIC: [8] Undefined index: children E:\www\admin\build\Application\Common\Common\function.php 第 16 行.
NOTIC: [8] Undefined index: children E:\www\admin\build\Application\Common\Common\function.php 第 16 行.
NOTIC: [8] Undefined index: children E:\www\admin\build\Application\Common\Common\function.php 第 16 行.
INFO: Run Behavior\ParseTemplateBehavior [ RunTime:0.186127s ]
INFO: [ view_parse ] --END-- [ RunTime:0.186197s ]
INFO: [ view_filter ] --START--
INFO: Run Behavior\WriteHtmlCacheBehavior [ RunTime:0.000481s ]
INFO: [ view_filter ] --END-- [ RunTime:0.000529s ]
INFO: [ app_end ] --START--
INFO: Run Behavior\ShowPageTraceBehavior [ RunTime:0.002458s ]
INFO: [ app_end ] --END-- [ RunTime:0.002537s ]

[ 2015-04-04T18:35:46+08:00 ] 127.0.0.1 /admin/build/index.php/Home/Index/tables.html
INFO: [ app_init ] --START--
INFO: Run Behavior\BuildLiteBehavior [ RunTime:0.000025s ]
INFO: [ app_init ] --END-- [ RunTime:0.000568s ]
INFO: [ app_begin ] --START--
INFO: Run Behavior\ReadHtmlCacheBehavior [ RunTime:0.000671s ]
INFO: [ app_begin ] --END-- [ RunTime:0.000716s ]
INFO: [ view_parse ] --START--
INFO: [ template_filter ] --START--
INFO: Run Behavior\ContentReplaceBehavior [ RunTime:0.000529s ]
INFO: [ template_filter ] --END-- [ RunTime:0.000589s ]
NOTIC: [8] Undefined variable: _info E:\www\admin\build\Application\Runtime\Cache\Home\4e6b1f6c971bee001be27890376e3c12.php 第 6 行.
NOTIC: [8] Undefined index: children E:\www\admin\build\Application\Common\Common\function.php 第 20 行.
NOTIC: [8] Undefined index: children E:\www\admin\build\Application\Common\Common\function.php 第 20 行.
NOTIC: [8] Undefined index: children E:\www\admin\build\Application\Common\Common\function.php 第 20 行.
NOTIC: [8] Undefined index: children E:\www\admin\build\Application\Common\Common\function.php 第 20 行.
NOTIC: [8] Undefined index: children E:\www\admin\build\Application\Common\Common\function.php 第 20 行.
NOTIC: [8] Undefined index: children E:\www\admin\build\Application\Common\Common\function.php 第 20 行.
NOTIC: [8] Undefined index: children E:\www\admin\build\Application\Common\Common\function.php 第 20 行.
NOTIC: [8] Undefined index: children E:\www\admin\build\Application\Common\Common\function.php 第 20 行.
NOTIC: [8] Undefined index: children E:\www\admin\build\Application\Common\Common\function.php 第 20 行.
NOTIC: [8] Undefined index: children E:\www\admin\build\Application\Common\Common\function.php 第 20 行.
NOTIC: [8] Undefined index: children E:\www\admin\build\Application\Common\Common\function.php 第 20 行.
NOTIC: [8] Undefined index: children E:\www\admin\build\Application\Common\Common\function.php 第 20 行.
INFO: Run Behavior\ParseTemplateBehavior [ RunTime:0.273137s ]
INFO: [ view_parse ] --END-- [ RunTime:0.273183s ]
INFO: [ view_filter ] --START--
INFO: Run Behavior\WriteHtmlCacheBehavior [ RunTime:0.000507s ]
INFO: [ view_filter ] --END-- [ RunTime:0.000544s ]
INFO: [ app_end ] --START--
INFO: Run Behavior\ShowPageTraceBehavior [ RunTime:0.006342s ]
INFO: [ app_end ] --END-- [ RunTime:0.006456s ]

[ 2015-04-04T18:35:52+08:00 ] 127.0.0.1 /admin/build/index.php/Home/Index/elements.html
INFO: [ app_init ] --START--
INFO: Run Behavior\BuildLiteBehavior [ RunTime:0.000015s ]
INFO: [ app_init ] --END-- [ RunTime:0.000551s ]
INFO: [ app_begin ] --START--
INFO: Run Behavior\ReadHtmlCacheBehavior [ RunTime:0.000739s ]
INFO: [ app_begin ] --END-- [ RunTime:0.000786s ]
INFO: [ view_parse ] --START--
INFO: [ template_filter ] --START--
INFO: Run Behavior\ContentReplaceBehavior [ RunTime:0.000371s ]
INFO: [ template_filter ] --END-- [ RunTime:0.000432s ]
NOTIC: [8] Undefined variable: _info E:\www\admin\build\Application\Runtime\Cache\Home\bacb45ce80db6db9a684de376a9981c3.php 第 6 行.
NOTIC: [8] Undefined index: children E:\www\admin\build\Application\Common\Common\function.php 第 20 行.
NOTIC: [8] Undefined index: children E:\www\admin\build\Application\Common\Common\function.php 第 20 行.
NOTIC: [8] Undefined index: children E:\www\admin\build\Application\Common\Common\function.php 第 20 行.
NOTIC: [8] Undefined index: children E:\www\admin\build\Application\Common\Common\function.php 第 20 行.
NOTIC: [8] Undefined index: children E:\www\admin\build\Application\Common\Common\function.php 第 20 行.
NOTIC: [8] Undefined index: children E:\www\admin\build\Application\Common\Common\function.php 第 20 行.
NOTIC: [8] Undefined index: children E:\www\admin\build\Application\Common\Common\function.php 第 20 行.
NOTIC: [8] Undefined index: children E:\www\admin\build\Application\Common\Common\function.php 第 20 行.
NOTIC: [8] Undefined index: children E:\www\admin\build\Application\Common\Common\function.php 第 20 行.
NOTIC: [8] Undefined index: children E:\www\admin\build\Application\Common\Common\function.php 第 20 行.
NOTIC: [8] Undefined index: children E:\www\admin\build\Application\Common\Common\function.php 第 20 行.
NOTIC: [8] Undefined index: children E:\www\admin\build\Application\Common\Common\function.php 第 20 行.
INFO: Run Behavior\ParseTemplateBehavior [ RunTime:0.129387s ]
INFO: [ view_parse ] --END-- [ RunTime:0.129437s ]
INFO: [ view_filter ] --START--
INFO: Run Behavior\WriteHtmlCacheBehavior [ RunTime:0.000478s ]
INFO: [ view_filter ] --END-- [ RunTime:0.000538s ]
INFO: [ app_end ] --START--
INFO: Run Behavior\ShowPageTraceBehavior [ RunTime:0.001990s ]
INFO: [ app_end ] --END-- [ RunTime:0.002103s ]

[ 2015-04-04T18:36:03+08:00 ] 127.0.0.1 /admin/build/index.php/Home/Index/tables.html
INFO: [ app_init ] --START--
INFO: Run Behavior\BuildLiteBehavior [ RunTime:0.000016s ]
INFO: [ app_init ] --END-- [ RunTime:0.000553s ]
INFO: [ app_begin ] --START--
INFO: Run Behavior\ReadHtmlCacheBehavior [ RunTime:0.000706s ]
INFO: [ app_begin ] --END-- [ RunTime:0.000763s ]
INFO: [ view_parse ] --START--
INFO: [ template_filter ] --START--
INFO: Run Behavior\ContentReplaceBehavior [ RunTime:0.000475s ]
INFO: [ template_filter ] --END-- [ RunTime:0.000532s ]
NOTIC: [8] Undefined variable: _info E:\www\admin\build\Application\Runtime\Cache\Home\4e6b1f6c971bee001be27890376e3c12.php 第 6 行.
NOTIC: [8] Undefined index: children E:\www\admin\build\Application\Common\Common\function.php 第 20 行.
NOTIC: [8] Undefined index: children E:\www\admin\build\Application\Common\Common\function.php 第 20 行.
NOTIC: [8] Undefined index: children E:\www\admin\build\Application\Common\Common\function.php 第 20 行.
NOTIC: [8] Undefined index: children E:\www\admin\build\Application\Common\Common\function.php 第 20 行.
NOTIC: [8] Undefined index: children E:\www\admin\build\Application\Common\Common\function.php 第 20 行.
NOTIC: [8] Undefined index: children E:\www\admin\build\Application\Common\Common\function.php 第 20 行.
NOTIC: [8] Undefined index: children E:\www\admin\build\Application\Common\Common\function.php 第 20 行.
NOTIC: [8] Undefined index: children E:\www\admin\build\Application\Common\Common\function.php 第 20 行.
NOTIC: [8] Undefined index: children E:\www\admin\build\Application\Common\Common\function.php 第 20 行.
NOTIC: [8] Undefined index: children E:\www\admin\build\Application\Common\Common\function.php 第 20 行.
NOTIC: [8] Undefined index: children E:\www\admin\build\Application\Common\Common\function.php 第 20 行.
NOTIC: [8] Undefined index: children E:\www\admin\build\Application\Common\Common\function.php 第 20 行.
INFO: Run Behavior\ParseTemplateBehavior [ RunTime:0.050061s ]
INFO: [ view_parse ] --END-- [ RunTime:0.050120s ]
INFO: [ view_filter ] --START--
INFO: Run Behavior\WriteHtmlCacheBehavior [ RunTime:0.000485s ]
INFO: [ view_filter ] --END-- [ RunTime:0.000521s ]
INFO: [ app_end ] --START--
INFO: Run Behavior\ShowPageTraceBehavior [ RunTime:0.003852s ]
INFO: [ app_end ] --END-- [ RunTime:0.003950s ]

[ 2015-04-04T19:35:14+08:00 ] 127.0.0.1 /admin/build/index.php/Home/Index/index.html
INFO: [ app_init ] --START--
INFO: Run Behavior\BuildLiteBehavior [ RunTime:0.000016s ]
INFO: [ app_init ] --END-- [ RunTime:0.000539s ]
INFO: [ app_begin ] --START--
INFO: Run Behavior\ReadHtmlCacheBehavior [ RunTime:0.000687s ]
INFO: [ app_begin ] --END-- [ RunTime:0.000733s ]
NOTIC: [8] Undefined variable: arrActive E:\www\admin\build\Application\Home\Controller\BaseController.class.php 第 121 行.
INFO: [ view_parse ] --START--
INFO: [ template_filter ] --START--
INFO: Run Behavior\ContentReplaceBehavior [ RunTime:0.000356s ]
INFO: [ template_filter ] --END-- [ RunTime:0.000424s ]
NOTIC: [8] Undefined index: children E:\www\admin\build\Application\Common\Common\function.php 第 21 行.
NOTIC: [8] Undefined index: children E:\www\admin\build\Application\Common\Common\function.php 第 21 行.
NOTIC: [8] Undefined index: children E:\www\admin\build\Application\Common\Common\function.php 第 21 行.
NOTIC: [8] Undefined index: children E:\www\admin\build\Application\Common\Common\function.php 第 21 行.
NOTIC: [8] Undefined index: children E:\www\admin\build\Application\Common\Common\function.php 第 21 行.
NOTIC: [8] Undefined index: children E:\www\admin\build\Application\Common\Common\function.php 第 21 行.
NOTIC: [8] Undefined index: children E:\www\admin\build\Application\Common\Common\function.php 第 21 行.
NOTIC: [8] Undefined index: children E:\www\admin\build\Application\Common\Common\function.php 第 21 行.
NOTIC: [8] Undefined index: children E:\www\admin\build\Application\Common\Common\function.php 第 21 行.
NOTIC: [8] Undefined index: children E:\www\admin\build\Application\Common\Common\function.php 第 21 行.
NOTIC: [8] Undefined index: children E:\www\admin\build\Application\Common\Common\function.php 第 21 行.
NOTIC: [8] Undefined index: children E:\www\admin\build\Application\Common\Common\function.php 第 21 行.
INFO: Run Behavior\ParseTemplateBehavior [ RunTime:0.152628s ]
INFO: [ view_parse ] --END-- [ RunTime:0.152685s ]
INFO: [ view_filter ] --START--
INFO: Run Behavior\WriteHtmlCacheBehavior [ RunTime:0.000726s ]
INFO: [ view_filter ] --END-- [ RunTime:0.000806s ]
INFO: [ app_end ] --START--
INFO: Run Behavior\ShowPageTraceBehavior [ RunTime:0.003382s ]
INFO: [ app_end ] --END-- [ RunTime:0.003594s ]

[ 2015-04-04T21:37:29+08:00 ] 127.0.0.1 /admin/build/index.php/Home/Index/tables.html
INFO: [ app_init ] --START--
INFO: Run Behavior\BuildLiteBehavior [ RunTime:0.000017s ]
INFO: [ app_init ] --END-- [ RunTime:0.000491s ]
INFO: [ app_begin ] --START--
INFO: Run Behavior\ReadHtmlCacheBehavior [ RunTime:0.000894s ]
INFO: [ app_begin ] --END-- [ RunTime:0.000992s ]
NOTIC: [8] Undefined variable: arrActive E:\www\admin\build\Application\Home\Controller\BaseController.class.php 第 121 行.
INFO: [ view_parse ] --START--
INFO: [ template_filter ] --START--
INFO: Run Behavior\ContentReplaceBehavior [ RunTime:0.000542s ]
INFO: [ template_filter ] --END-- [ RunTime:0.000628s ]
NOTIC: [8] Undefined variable: _info E:\www\admin\build\Application\Runtime\Cache\Home\4e6b1f6c971bee001be27890376e3c12.php 第 6 行.
NOTIC: [8] Undefined index: children E:\www\admin\build\Application\Common\Common\function.php 第 21 行.
NOTIC: [8] Undefined index: children E:\www\admin\build\Application\Common\Common\function.php 第 21 行.
NOTIC: [8] Undefined index: children E:\www\admin\build\Application\Common\Common\function.php 第 21 行.
NOTIC: [8] Undefined index: children E:\www\admin\build\Application\Common\Common\function.php 第 21 行.
NOTIC: [8] Undefined index: children E:\www\admin\build\Application\Common\Common\function.php 第 21 行.
NOTIC: [8] Undefined index: children E:\www\admin\build\Application\Common\Common\function.php 第 21 行.
NOTIC: [8] Undefined index: children E:\www\admin\build\Application\Common\Common\function.php 第 21 行.
NOTIC: [8] Undefined index: children E:\www\admin\build\Application\Common\Common\function.php 第 21 行.
NOTIC: [8] Undefined index: children E:\www\admin\build\Application\Common\Common\function.php 第 21 行.
NOTIC: [8] Undefined index: children E:\www\admin\build\Application\Common\Common\function.php 第 21 行.
NOTIC: [8] Undefined index: children E:\www\admin\build\Application\Common\Common\function.php 第 21 行.
NOTIC: [8] Undefined index: children E:\www\admin\build\Application\Common\Common\function.php 第 21 行.
INFO: Run Behavior\ParseTemplateBehavior [ RunTime:0.108033s ]
INFO: [ view_parse ] --END-- [ RunTime:0.108076s ]
INFO: [ view_filter ] --START--
INFO: Run Behavior\WriteHtmlCacheBehavior [ RunTime:0.000455s ]
INFO: [ view_filter ] --END-- [ RunTime:0.000493s ]
INFO: [ app_end ] --START--
INFO: Run Behavior\ShowPageTraceBehavior [ RunTime:0.002853s ]
INFO: [ app_end ] --END-- [ RunTime:0.002951s ]

[ 2015-04-04T21:37:31+08:00 ] 127.0.0.1 /admin/build/index.php/Home/Index/index.html
INFO: [ app_init ] --START--
INFO: Run Behavior\BuildLiteBehavior [ RunTime:0.000015s ]
INFO: [ app_init ] --END-- [ RunTime:0.000489s ]
INFO: [ app_begin ] --START--
INFO: Run Behavior\ReadHtmlCacheBehavior [ RunTime:0.000660s ]
INFO: [ app_begin ] --END-- [ RunTime:0.000720s ]
NOTIC: [8] Undefined variable: arrActive E:\www\admin\build\Application\Home\Controller\BaseController.class.php 第 121 行.
INFO: [ view_parse ] --START--
INFO: [ template_filter ] --START--
INFO: Run Behavior\ContentReplaceBehavior [ RunTime:0.000296s ]
INFO: [ template_filter ] --END-- [ RunTime:0.000347s ]
NOTIC: [8] Undefined index: children E:\www\admin\build\Application\Common\Common\function.php 第 21 行.
NOTIC: [8] Undefined index: children E:\www\admin\build\Application\Common\Common\function.php 第 21 行.
NOTIC: [8] Undefined index: children E:\www\admin\build\Application\Common\Common\function.php 第 21 行.
NOTIC: [8] Undefined index: children E:\www\admin\build\Application\Common\Common\function.php 第 21 行.
NOTIC: [8] Undefined index: children E:\www\admin\build\Application\Common\Common\function.php 第 21 行.
NOTIC: [8] Undefined index: children E:\www\admin\build\Application\Common\Common\function.php 第 21 行.
NOTIC: [8] Undefined index: children E:\www\admin\build\Application\Common\Common\function.php 第 21 行.
NOTIC: [8] Undefined index: children E:\www\admin\build\Application\Common\Common\function.php 第 21 行.
NOTIC: [8] Undefined index: children E:\www\admin\build\Application\Common\Common\function.php 第 21 行.
NOTIC: [8] Undefined index: children E:\www\admin\build\Application\Common\Common\function.php 第 21 行.
NOTIC: [8] Undefined index: children E:\www\admin\build\Application\Common\Common\function.php 第 21 行.
NOTIC: [8] Undefined index: children E:\www\admin\build\Application\Common\Common\function.php 第 21 行.
INFO: Run Behavior\ParseTemplateBehavior [ RunTime:0.033600s ]
INFO: [ view_parse ] --END-- [ RunTime:0.033660s ]
INFO: [ view_filter ] --START--
INFO: Run Behavior\WriteHtmlCacheBehavior [ RunTime:0.000361s ]
INFO: [ view_filter ] --END-- [ RunTime:0.000397s ]
INFO: [ app_end ] --START--
INFO: Run Behavior\ShowPageTraceBehavior [ RunTime:0.002670s ]
INFO: [ app_end ] --END-- [ RunTime:0.002768s ]

